<?xml version="1.0" encoding="UTF-8" standalone="yes"?><!DOCTYPE report PUBLIC "-//JACOCO//DTD Report 1.1//EN" "report.dtd"><report name="unit-testing-examples"><sessioninfo id="EPUAKYIW4221-18322e5b" start="1565080672894" dump="1565080673432"/><package name="com/waytoodanny/training/calculator/util"><class name="com/waytoodanny/training/calculator/util/CalculatorUtil" sourcefilename="CalculatorUtil.java"><method name="&lt;clinit&gt;" desc="()V" line="10"><counter type="INSTRUCTION" missed="5" covered="0"/><counter type="LINE" missed="1" covered="0"/><counter type="COMPLEXITY" missed="1" covered="0"/><counter type="METHOD" missed="1" covered="0"/></method><counter type="INSTRUCTION" missed="5" covered="0"/><counter type="LINE" missed="1" covered="0"/><counter type="COMPLEXITY" missed="1" covered="0"/><counter type="METHOD" missed="1" covered="0"/><counter type="CLASS" missed="1" covered="0"/></class><class name="com/waytoodanny/training/calculator/util/CalculatorUtil$1" sourcefilename="CalculatorUtil.java"><method name="&lt;init&gt;" desc="()V" line="10"><counter type="INSTRUCTION" missed="35" covered="0"/><counter type="LINE" missed="6" covered="0"/><counter type="COMPLEXITY" missed="1" covered="0"/><counter type="METHOD" missed="1" covered="0"/></method><counter type="INSTRUCTION" missed="35" covered="0"/><counter type="LINE" missed="6" covered="0"/><counter type="COMPLEXITY" missed="1" covered="0"/><counter type="METHOD" missed="1" covered="0"/><counter type="CLASS" missed="1" covered="0"/></class><sourcefile name="CalculatorUtil.java"><line nr="10" mi="7" ci="0" mb="0" cb="0"/><line nr="11" mi="8" ci="0" mb="0" cb="0"/><line nr="12" mi="8" ci="0" mb="0" cb="0"/><line nr="13" mi="8" ci="0" mb="0" cb="0"/><line nr="14" mi="8" ci="0" mb="0" cb="0"/><line nr="15" mi="1" ci="0" mb="0" cb="0"/><counter type="INSTRUCTION" missed="40" covered="0"/><counter type="LINE" missed="6" covered="0"/><counter type="COMPLEXITY" missed="2" covered="0"/><counter type="METHOD" missed="2" covered="0"/><counter type="CLASS" missed="2" covered="0"/></sourcefile><counter type="INSTRUCTION" missed="40" covered="0"/><counter type="LINE" missed="6" covered="0"/><counter type="COMPLEXITY" missed="2" covered="0"/><counter type="METHOD" missed="2" covered="0"/><counter type="CLASS" missed="2" covered="0"/></package><package name="com/waytoodanny/training/students/repository"><class name="com/waytoodanny/training/students/repository/CompanyStudentRepository" sourcefilename="CompanyStudentRepository.java"/><class name="com/waytoodanny/training/students/repository/CompanyStudentRepositoryImpl" sourcefilename="CompanyStudentRepositoryImpl.java"><method name="&lt;init&gt;" desc="()V" line="11"><counter type="INSTRUCTION" missed="3" covered="0"/><counter type="LINE" missed="1" covered="0"/><counter type="COMPLEXITY" missed="1" covered="0"/><counter type="METHOD" missed="1" covered="0"/></method><method name="getAll" desc="()Ljava/util/Collection;" line="13"><counter type="INSTRUCTION" missed="54" covered="0"/><counter type="LINE" missed="3" covered="0"/><counter type="COMPLEXITY" missed="1" covered="0"/><counter type="METHOD" missed="1" covered="0"/></method><counter type="INSTRUCTION" missed="57" covered="0"/><counter type="LINE" missed="4" covered="0"/><counter type="COMPLEXITY" missed="2" covered="0"/><counter type="METHOD" missed="2" covered="0"/><counter type="CLASS" missed="1" covered="0"/></class><sourcefile name="CompanyStudentRepositoryImpl.java"><line nr="11" mi="3" ci="0" mb="0" cb="0"/><line nr="13" mi="3" ci="0" mb="0" cb="0"/><line nr="16" mi="2" ci="0" mb="0" cb="0"/><line nr="17" mi="49" ci="0" mb="0" cb="0"/><counter type="INSTRUCTION" missed="57" covered="0"/><counter type="LINE" missed="4" covered="0"/><counter type="COMPLEXITY" missed="2" covered="0"/><counter type="METHOD" missed="2" covered="0"/><counter type="CLASS" missed="1" covered="0"/></sourcefile><sourcefile name="CompanyStudentRepository.java"/><counter type="INSTRUCTION" missed="57" covered="0"/><counter type="LINE" missed="4" covered="0"/><counter type="COMPLEXITY" missed="2" covered="0"/><counter type="METHOD" missed="2" covered="0"/><counter type="CLASS" missed="1" covered="0"/></package><package name="com/waytoodanny/training/calculator/impl"><class name="com/waytoodanny/training/calculator/impl/TwoStackCalculator" sourcefilename="TwoStackCalculator.java"><method name="&lt;init&gt;" desc="(Ljava/util/Map;)V" line="17"><counter type="INSTRUCTION" missed="16" covered="0"/><counter type="LINE" missed="5" covered="0"/><counter type="COMPLEXITY" missed="1" covered="0"/><counter type="METHOD" missed="1" covered="0"/></method><method name="calculate" desc="(Ljava/lang/String;)D" line="29"><counter type="INSTRUCTION" missed="82" covered="0"/><counter type="BRANCH" missed="14" covered="0"/><counter type="LINE" missed="15" covered="0"/><counter type="COMPLEXITY" missed="8" covered="0"/><counter type="METHOD" missed="1" covered="0"/></method><method name="getToken" desc="(Ljava/lang/String;)Ljava/lang/Object;" line="66"><counter type="INSTRUCTION" missed="24" covered="0"/><counter type="BRANCH" missed="4" covered="0"/><counter type="LINE" missed="5" covered="0"/><counter type="COMPLEXITY" missed="3" covered="0"/><counter type="METHOD" missed="1" covered="0"/></method><method name="readInteger" desc="(Ljava/lang/String;)Ljava/lang/String;" line="78"><counter type="INSTRUCTION" missed="31" covered="0"/><counter type="BRANCH" missed="4" covered="0"/><counter type="LINE" missed="4" covered="0"/><counter type="COMPLEXITY" missed="3" covered="0"/><counter type="METHOD" missed="1" covered="0"/></method><method name="readOperation" desc="(Ljava/lang/String;)C" line="90"><counter type="INSTRUCTION" missed="10" covered="0"/><counter type="LINE" missed="1" covered="0"/><counter type="COMPLEXITY" missed="1" covered="0"/><counter type="METHOD" missed="1" covered="0"/></method><method name="popOperation" desc="()V" line="98"><counter type="INSTRUCTION" missed="36" covered="0"/><counter type="LINE" missed="8" covered="0"/><counter type="COMPLEXITY" missed="1" covered="0"/><counter type="METHOD" missed="1" covered="0"/></method><method name="canPop" desc="(C)Z" line="113"><counter type="INSTRUCTION" missed="29" covered="0"/><counter type="BRANCH" missed="8" covered="0"/><counter type="LINE" missed="5" covered="0"/><counter type="COMPLEXITY" missed="5" covered="0"/><counter type="METHOD" missed="1" covered="0"/></method><method name="getPriority" desc="(C)I" line="125"><counter type="INSTRUCTION" missed="26" covered="0"/><counter type="BRANCH" missed="2" covered="0"/><counter type="LINE" missed="5" covered="0"/><counter type="COMPLEXITY" missed="2" covered="0"/><counter type="METHOD" missed="1" covered="0"/></method><method name="cleanup" desc="()V" line="137"><counter type="INSTRUCTION" missed="10" covered="0"/><counter type="LINE" missed="4" covered="0"/><counter type="COMPLEXITY" missed="1" covered="0"/><counter type="METHOD" missed="1" covered="0"/></method><counter type="INSTRUCTION" missed="264" covered="0"/><counter type="BRANCH" missed="32" covered="0"/><counter type="LINE" missed="52" covered="0"/><counter type="COMPLEXITY" missed="25" covered="0"/><counter type="METHOD" missed="9" covered="0"/><counter type="CLASS" missed="1" covered="0"/></class><sourcefile name="TwoStackCalculator.java"><line nr="17" mi="5" ci="0" mb="0" cb="0"/><line nr="18" mi="5" ci="0" mb="0" cb="0"/><line nr="22" mi="2" ci="0" mb="0" cb="0"/><line nr="23" mi="3" ci="0" mb="0" cb="0"/><line nr="24" mi="1" ci="0" mb="0" cb="0"/><line nr="29" mi="11" ci="0" mb="0" cb="0"/><line nr="33" mi="4" ci="0" mb="0" cb="0"/><line nr="35" mi="3" ci="0" mb="2" cb="0"/><line nr="36" mi="8" ci="0" mb="0" cb="0"/><line nr="38" mi="3" ci="0" mb="2" cb="0"/><line nr="40" mi="5" ci="0" mb="2" cb="0"/><line nr="41" mi="11" ci="0" mb="4" cb="0"/><line nr="42" mi="3" ci="0" mb="0" cb="0"/><line nr="44" mi="5" ci="0" mb="0" cb="0"/><line nr="47" mi="6" ci="0" mb="2" cb="0"/><line nr="48" mi="3" ci="0" mb="0" cb="0"/><line nr="50" mi="7" ci="0" mb="0" cb="0"/><line nr="53" mi="2" ci="0" mb="2" cb="0"/><line nr="55" mi="9" ci="0" mb="0" cb="0"/><line nr="58" mi="2" ci="0" mb="0" cb="0"/><line nr="66" mi="5" ci="0" mb="2" cb="0"/><line nr="67" mi="2" ci="0" mb="0" cb="0"/><line nr="68" mi="6" ci="0" mb="2" cb="0"/><line nr="69" mi="6" ci="0" mb="0" cb="0"/><line nr="71" mi="5" ci="0" mb="0" cb="0"/><line nr="78" mi="4" ci="0" mb="0" cb="0"/><line nr="80" mi="11" ci="0" mb="4" cb="0"/><line nr="81" mi="13" ci="0" mb="0" cb="0"/><line nr="83" mi="3" ci="0" mb="0" cb="0"/><line nr="90" mi="10" ci="0" mb="0" cb="0"/><line nr="98" mi="6" ci="0" mb="0" cb="0"/><line nr="99" mi="6" ci="0" mb="0" cb="0"/><line nr="101" mi="8" ci="0" mb="0" cb="0"/><line nr="102" mi="8" ci="0" mb="0" cb="0"/><line nr="103" mi="1" ci="0" mb="0" cb="0"/><line nr="104" mi="5" ci="0" mb="0" cb="0"/><line nr="105" mi="1" ci="0" mb="0" cb="0"/><line nr="106" mi="1" ci="0" mb="0" cb="0"/><line nr="113" mi="4" ci="0" mb="2" cb="0"/><line nr="114" mi="2" ci="0" mb="0" cb="0"/><line nr="116" mi="4" ci="0" mb="0" cb="0"/><line nr="117" mi="8" ci="0" mb="0" cb="0"/><line nr="119" mi="11" ci="0" mb="6" cb="0"/><line nr="125" mi="3" ci="0" mb="2" cb="0"/><line nr="126" mi="2" ci="0" mb="0" cb="0"/><line nr="129" mi="8" ci="0" mb="0" cb="0"/><line nr="131" mi="1" ci="0" mb="0" cb="0"/><line nr="132" mi="12" ci="0" mb="0" cb="0"/><line nr="137" mi="3" ci="0" mb="0" cb="0"/><line nr="138" mi="3" ci="0" mb="0" cb="0"/><line nr="139" mi="3" ci="0" mb="0" cb="0"/><line nr="140" mi="1" ci="0" mb="0" cb="0"/><counter type="INSTRUCTION" missed="264" covered="0"/><counter type="BRANCH" missed="32" covered="0"/><counter type="LINE" missed="52" covered="0"/><counter type="COMPLEXITY" missed="25" covered="0"/><counter type="METHOD" missed="9" covered="0"/><counter type="CLASS" missed="1" covered="0"/></sourcefile><counter type="INSTRUCTION" missed="264" covered="0"/><counter type="BRANCH" missed="32" covered="0"/><counter type="LINE" missed="52" covered="0"/><counter type="COMPLEXITY" missed="25" covered="0"/><counter type="METHOD" missed="9" covered="0"/><counter type="CLASS" missed="1" covered="0"/></package><package name="com/waytoodanny/training/calculator/operation"><class name="com/waytoodanny/training/calculator/operation/DivideOperation" sourcefilename="DivideOperation.java"><method name="&lt;init&gt;" desc="()V" line="3"><counter type="INSTRUCTION" missed="3" covered="0"/><counter type="LINE" missed="1" covered="0"/><counter type="COMPLEXITY" missed="1" covered="0"/><counter type="METHOD" missed="1" covered="0"/></method><method name="execute" desc="(II)I" line="7"><counter type="INSTRUCTION" missed="4" covered="0"/><counter type="LINE" missed="1" covered="0"/><counter type="COMPLEXITY" missed="1" covered="0"/><counter type="METHOD" missed="1" covered="0"/></method><method name="getPriority" desc="()I" line="12"><counter type="INSTRUCTION" missed="2" covered="0"/><counter type="LINE" missed="1" covered="0"/><counter type="COMPLEXITY" missed="1" covered="0"/><counter type="METHOD" missed="1" covered="0"/></method><counter type="INSTRUCTION" missed="9" covered="0"/><counter type="LINE" missed="3" covered="0"/><counter type="COMPLEXITY" missed="3" covered="0"/><counter type="METHOD" missed="3" covered="0"/><counter type="CLASS" missed="1" covered="0"/></class><class name="com/waytoodanny/training/calculator/operation/PlusOperation" sourcefilename="PlusOperation.java"><method name="&lt;init&gt;" desc="()V" line="3"><counter type="INSTRUCTION" missed="3" covered="0"/><counter type="LINE" missed="1" covered="0"/><counter type="COMPLEXITY" missed="1" covered="0"/><counter type="METHOD" missed="1" covered="0"/></method><method name="execute" desc="(II)I" line="7"><counter type="INSTRUCTION" missed="4" covered="0"/><counter type="LINE" missed="1" covered="0"/><counter type="COMPLEXITY" missed="1" covered="0"/><counter type="METHOD" missed="1" covered="0"/></method><method name="getPriority" desc="()I" line="12"><counter type="INSTRUCTION" missed="2" covered="0"/><counter type="LINE" missed="1" covered="0"/><counter type="COMPLEXITY" missed="1" covered="0"/><counter type="METHOD" missed="1" covered="0"/></method><counter type="INSTRUCTION" missed="9" covered="0"/><counter type="LINE" missed="3" covered="0"/><counter type="COMPLEXITY" missed="3" covered="0"/><counter type="METHOD" missed="3" covered="0"/><counter type="CLASS" missed="1" covered="0"/></class><class name="com/waytoodanny/training/calculator/operation/BiOperation" sourcefilename="BiOperation.java"/><class name="com/waytoodanny/training/calculator/operation/MinusOperation" sourcefilename="MinusOperation.java"><method name="&lt;init&gt;" desc="()V" line="3"><counter type="INSTRUCTION" missed="3" covered="0"/><counter type="LINE" missed="1" covered="0"/><counter type="COMPLEXITY" missed="1" covered="0"/><counter type="METHOD" missed="1" covered="0"/></method><method name="execute" desc="(II)I" line="7"><counter type="INSTRUCTION" missed="4" covered="0"/><counter type="LINE" missed="1" covered="0"/><counter type="COMPLEXITY" missed="1" covered="0"/><counter type="METHOD" missed="1" covered="0"/></method><method name="getPriority" desc="()I" line="12"><counter type="INSTRUCTION" missed="2" covered="0"/><counter type="LINE" missed="1" covered="0"/><counter type="COMPLEXITY" missed="1" covered="0"/><counter type="METHOD" missed="1" covered="0"/></method><counter type="INSTRUCTION" missed="9" covered="0"/><counter type="LINE" missed="3" covered="0"/><counter type="COMPLEXITY" missed="3" covered="0"/><counter type="METHOD" missed="3" covered="0"/><counter type="CLASS" missed="1" covered="0"/></class><class name="com/waytoodanny/training/calculator/operation/MultiplyOperation" sourcefilename="MultiplyOperation.java"><method name="&lt;init&gt;" desc="()V" line="3"><counter type="INSTRUCTION" missed="3" covered="0"/><counter type="LINE" missed="1" covered="0"/><counter type="COMPLEXITY" missed="1" covered="0"/><counter type="METHOD" missed="1" covered="0"/></method><method name="execute" desc="(II)I" line="7"><counter type="INSTRUCTION" missed="4" covered="0"/><counter type="LINE" missed="1" covered="0"/><counter type="COMPLEXITY" missed="1" covered="0"/><counter type="METHOD" missed="1" covered="0"/></method><method name="getPriority" desc="()I" line="12"><counter type="INSTRUCTION" missed="2" covered="0"/><counter type="LINE" missed="1" covered="0"/><counter type="COMPLEXITY" missed="1" covered="0"/><counter type="METHOD" missed="1" covered="0"/></method><counter type="INSTRUCTION" missed="9" covered="0"/><counter type="LINE" missed="3" covered="0"/><counter type="COMPLEXITY" missed="3" covered="0"/><counter type="METHOD" missed="3" covered="0"/><counter type="CLASS" missed="1" covered="0"/></class><sourcefile name="MinusOperation.java"><line nr="3" mi="3" ci="0" mb="0" cb="0"/><line nr="7" mi="4" ci="0" mb="0" cb="0"/><line nr="12" mi="2" ci="0" mb="0" cb="0"/><counter type="INSTRUCTION" missed="9" covered="0"/><counter type="LINE" missed="3" covered="0"/><counter type="COMPLEXITY" missed="3" covered="0"/><counter type="METHOD" missed="3" covered="0"/><counter type="CLASS" missed="1" covered="0"/></sourcefile><sourcefile name="PlusOperation.java"><line nr="3" mi="3" ci="0" mb="0" cb="0"/><line nr="7" mi="4" ci="0" mb="0" cb="0"/><line nr="12" mi="2" ci="0" mb="0" cb="0"/><counter type="INSTRUCTION" missed="9" covered="0"/><counter type="LINE" missed="3" covered="0"/><counter type="COMPLEXITY" missed="3" covered="0"/><counter type="METHOD" missed="3" covered="0"/><counter type="CLASS" missed="1" covered="0"/></sourcefile><sourcefile name="DivideOperation.java"><line nr="3" mi="3" ci="0" mb="0" cb="0"/><line nr="7" mi="4" ci="0" mb="0" cb="0"/><line nr="12" mi="2" ci="0" mb="0" cb="0"/><counter type="INSTRUCTION" missed="9" covered="0"/><counter type="LINE" missed="3" covered="0"/><counter type="COMPLEXITY" missed="3" covered="0"/><counter type="METHOD" missed="3" covered="0"/><counter type="CLASS" missed="1" covered="0"/></sourcefile><sourcefile name="BiOperation.java"/><sourcefile name="MultiplyOperation.java"><line nr="3" mi="3" ci="0" mb="0" cb="0"/><line nr="7" mi="4" ci="0" mb="0" cb="0"/><line nr="12" mi="2" ci="0" mb="0" cb="0"/><counter type="INSTRUCTION" missed="9" covered="0"/><counter type="LINE" missed="3" covered="0"/><counter type="COMPLEXITY" missed="3" covered="0"/><counter type="METHOD" missed="3" covered="0"/><counter type="CLASS" missed="1" covered="0"/></sourcefile><counter type="INSTRUCTION" missed="36" covered="0"/><counter type="LINE" missed="12" covered="0"/><counter type="COMPLEXITY" missed="12" covered="0"/><counter type="METHOD" missed="12" covered="0"/><counter type="CLASS" missed="4" covered="0"/></package><package name="com/waytoodanny/training/students/domain"><class name="com/waytoodanny/training/students/domain/Student" sourcefilename="Student.java"><method name="&lt;init&gt;" desc="(Ljava/lang/String;II)V" line="5"><counter type="INSTRUCTION" missed="12" covered="0"/><counter type="LINE" missed="1" covered="0"/><counter type="COMPLEXITY" missed="1" covered="0"/><counter type="METHOD" missed="1" covered="0"/></method><method name="getName" desc="()Ljava/lang/String;" line="7"><counter type="INSTRUCTION" missed="3" covered="0"/><counter type="LINE" missed="1" covered="0"/><counter type="COMPLEXITY" missed="1" covered="0"/><counter type="METHOD" missed="1" covered="0"/></method><method name="getPreLabMark" desc="()I" line="8"><counter type="INSTRUCTION" missed="3" covered="0"/><counter type="LINE" missed="1" covered="0"/><counter type="COMPLEXITY" missed="1" covered="0"/><counter type="METHOD" missed="1" covered="0"/></method><method name="getWithinLabMark" desc="()I" line="9"><counter type="INSTRUCTION" missed="3" covered="0"/><counter type="LINE" missed="1" covered="0"/><counter type="COMPLEXITY" missed="1" covered="0"/><counter type="METHOD" missed="1" covered="0"/></method><method name="equals" desc="(Ljava/lang/Object;)Z" line="5"><counter type="INSTRUCTION" missed="46" covered="0"/><counter type="BRANCH" missed="14" covered="0"/><counter type="LINE" missed="1" covered="0"/><counter type="COMPLEXITY" missed="8" covered="0"/><counter type="METHOD" missed="1" covered="0"/></method><method name="hashCode" desc="()I" line="5"><counter type="INSTRUCTION" missed="34" covered="0"/><counter type="BRANCH" missed="2" covered="0"/><counter type="LINE" missed="1" covered="0"/><counter type="COMPLEXITY" missed="2" covered="0"/><counter type="METHOD" missed="1" covered="0"/></method><method name="toString" desc="()Ljava/lang/String;" line="5"><counter type="INSTRUCTION" missed="22" covered="0"/><counter type="LINE" missed="1" covered="0"/><counter type="COMPLEXITY" missed="1" covered="0"/><counter type="METHOD" missed="1" covered="0"/></method><counter type="INSTRUCTION" missed="123" covered="0"/><counter type="BRANCH" missed="16" covered="0"/><counter type="LINE" missed="4" covered="0"/><counter type="COMPLEXITY" missed="15" covered="0"/><counter type="METHOD" missed="7" covered="0"/><counter type="CLASS" missed="1" covered="0"/></class><sourcefile name="Student.java"><line nr="5" mi="114" ci="0" mb="16" cb="0"/><line nr="7" mi="3" ci="0" mb="0" cb="0"/><line nr="8" mi="3" ci="0" mb="0" cb="0"/><line nr="9" mi="3" ci="0" mb="0" cb="0"/><counter type="INSTRUCTION" missed="123" covered="0"/><counter type="BRANCH" missed="16" covered="0"/><counter type="LINE" missed="4" covered="0"/><counter type="COMPLEXITY" missed="15" covered="0"/><counter type="METHOD" missed="7" covered="0"/><counter type="CLASS" missed="1" covered="0"/></sourcefile><counter type="INSTRUCTION" missed="123" covered="0"/><counter type="BRANCH" missed="16" covered="0"/><counter type="LINE" missed="4" covered="0"/><counter type="COMPLEXITY" missed="15" covered="0"/><counter type="METHOD" missed="7" covered="0"/><counter type="CLASS" missed="1" covered="0"/></package><package name="com/waytoodanny/training/students/domain/filters"><class name="com/waytoodanny/training/students/domain/filters/PreLabSufficientMarkFilter" sourcefilename="PreLabSufficientMarkFilter.java"><method name="&lt;init&gt;" desc="()V" line="10"><counter type="INSTRUCTION" missed="3" covered="0"/><counter type="LINE" missed="1" covered="0"/><counter type="COMPLEXITY" missed="1" covered="0"/><counter type="METHOD" missed="1" covered="0"/></method><method name="apply" desc="(Ljava/util/Collection;)Ljava/util/Collection;" line="12"><counter type="INSTRUCTION" missed="11" covered="0"/><counter type="LINE" missed="4" covered="0"/><counter type="COMPLEXITY" missed="1" covered="0"/><counter type="METHOD" missed="1" covered="0"/></method><method name="lambda$apply$0" desc="(Lcom/waytoodanny/training/students/domain/Student;)Z" line="16"><counter type="INSTRUCTION" missed="8" covered="0"/><counter type="BRANCH" missed="2" covered="0"/><counter type="LINE" missed="1" covered="0"/><counter type="COMPLEXITY" missed="2" covered="0"/><counter type="METHOD" missed="1" covered="0"/></method><counter type="INSTRUCTION" missed="22" covered="0"/><counter type="BRANCH" missed="2" covered="0"/><counter type="LINE" missed="5" covered="0"/><counter type="COMPLEXITY" missed="4" covered="0"/><counter type="METHOD" missed="3" covered="0"/><counter type="CLASS" missed="1" covered="0"/></class><class name="com/waytoodanny/training/students/domain/filters/WithinLabSufficientMarkFilter" sourcefilename="WithinLabSufficientMarkFilter.java"><method name="&lt;init&gt;" desc="()V" line="9"><counter type="INSTRUCTION" missed="3" covered="0"/><counter type="LINE" missed="1" covered="0"/><counter type="COMPLEXITY" missed="1" covered="0"/><counter type="METHOD" missed="1" covered="0"/></method><method name="apply" desc="(Ljava/util/Collection;)Ljava/util/Collection;" line="13"><counter type="INSTRUCTION" missed="8" covered="0"/><counter type="LINE" missed="3" covered="0"/><counter type="COMPLEXITY" missed="1" covered="0"/><counter type="METHOD" missed="1" covered="0"/></method><method name="lambda$apply$0" desc="(Lcom/waytoodanny/training/students/domain/Student;)Z" line="14"><counter type="INSTRUCTION" missed="8" covered="0"/><counter type="BRANCH" missed="2" covered="0"/><counter type="LINE" missed="1" covered="0"/><counter type="COMPLEXITY" missed="2" covered="0"/><counter type="METHOD" missed="1" covered="0"/></method><counter type="INSTRUCTION" missed="19" covered="0"/><counter type="BRANCH" missed="2" covered="0"/><counter type="LINE" missed="4" covered="0"/><counter type="COMPLEXITY" missed="4" covered="0"/><counter type="METHOD" missed="3" covered="0"/><counter type="CLASS" missed="1" covered="0"/></class><class name="com/waytoodanny/training/students/domain/filters/CompanyStudentFilter" sourcefilename="CompanyStudentFilter.java"/><sourcefile name="PreLabSufficientMarkFilter.java"><line nr="10" mi="3" ci="0" mb="0" cb="0"/><line nr="12" mi="3" ci="0" mb="0" cb="0"/><line nr="15" mi="4" ci="0" mb="0" cb="0"/><line nr="16" mi="9" ci="0" mb="2" cb="0"/><line nr="17" mi="3" ci="0" mb="0" cb="0"/><counter type="INSTRUCTION" missed="22" covered="0"/><counter type="BRANCH" missed="2" covered="0"/><counter type="LINE" missed="5" covered="0"/><counter type="COMPLEXITY" missed="4" covered="0"/><counter type="METHOD" missed="3" covered="0"/><counter type="CLASS" missed="1" covered="0"/></sourcefile><sourcefile name="WithinLabSufficientMarkFilter.java"><line nr="9" mi="3" ci="0" mb="0" cb="0"/><line nr="13" mi="4" ci="0" mb="0" cb="0"/><line nr="14" mi="9" ci="0" mb="2" cb="0"/><line nr="15" mi="3" ci="0" mb="0" cb="0"/><counter type="INSTRUCTION" missed="19" covered="0"/><counter type="BRANCH" missed="2" covered="0"/><counter type="LINE" missed="4" covered="0"/><counter type="COMPLEXITY" missed="4" covered="0"/><counter type="METHOD" missed="3" covered="0"/><counter type="CLASS" missed="1" covered="0"/></sourcefile><sourcefile name="CompanyStudentFilter.java"/><counter type="INSTRUCTION" missed="41" covered="0"/><counter type="BRANCH" missed="4" covered="0"/><counter type="LINE" missed="9" covered="0"/><counter type="COMPLEXITY" missed="8" covered="0"/><counter type="METHOD" missed="6" covered="0"/><counter type="CLASS" missed="2" covered="0"/></package><package name="com/waytoodanny/training/students/service"><class name="com/waytoodanny/training/students/service/InterviewReadyStudentService" sourcefilename="InterviewReadyStudentService.java"/><class name="com/waytoodanny/training/students/service/InterviewReadyStudentServiceImpl" sourcefilename="InterviewReadyStudentServiceImpl.java"><method name="&lt;init&gt;" desc="(Lcom/waytoodanny/training/students/repository/CompanyStudentRepository;Ljava/util/Collection;)V" line="17"><counter type="INSTRUCTION" missed="9" covered="0"/><counter type="LINE" missed="4" covered="0"/><counter type="COMPLEXITY" missed="1" covered="0"/><counter type="METHOD" missed="1" covered="0"/></method><method name="getAllReadyForInterview" desc="()Ljava/util/Collection;" line="24"><counter type="INSTRUCTION" missed="30" covered="0"/><counter type="BRANCH" missed="2" covered="0"/><counter type="LINE" missed="10" covered="0"/><counter type="COMPLEXITY" missed="2" covered="0"/><counter type="METHOD" missed="1" covered="0"/></method><method name="notifyRemoteServiceAboutGreatStudents" desc="(Ljava/util/Collection;)V" line="43"><counter type="INSTRUCTION" missed="7" covered="0"/><counter type="LINE" missed="3" covered="0"/><counter type="COMPLEXITY" missed="1" covered="0"/><counter type="METHOD" missed="1" covered="0"/></method><method name="lambda$getAllReadyForInterview$1" desc="(Ljava/util/HashSet;Ljava/util/HashSet;)Ljava/util/HashSet;" line="32"><counter type="INSTRUCTION" missed="7" covered="0"/><counter type="LINE" missed="1" covered="0"/><counter type="COMPLEXITY" missed="1" covered="0"/><counter type="METHOD" missed="1" covered="0"/></method><method name="lambda$getAllReadyForInterview$0" desc="(Ljava/util/Collection;Lcom/waytoodanny/training/students/domain/filters/CompanyStudentFilter;)Ljava/util/Collection;" line="30"><counter type="INSTRUCTION" missed="5" covered="0"/><counter type="LINE" missed="1" covered="0"/><counter type="COMPLEXITY" missed="1" covered="0"/><counter type="METHOD" missed="1" covered="0"/></method><counter type="INSTRUCTION" missed="58" covered="0"/><counter type="BRANCH" missed="2" covered="0"/><counter type="LINE" missed="17" covered="0"/><counter type="COMPLEXITY" missed="6" covered="0"/><counter type="METHOD" missed="5" covered="0"/><counter type="CLASS" missed="1" covered="0"/></class><class name="com/waytoodanny/training/students/service/InterviewReadyStudentServiceImpl$1" sourcefilename="InterviewReadyStudentServiceImpl.java"><method name="&lt;init&gt;" desc="(Lcom/waytoodanny/training/students/service/InterviewReadyStudentServiceImpl;Ljava/util/HashSet;Ljava/util/HashSet;)V" line="32"><counter type="INSTRUCTION" missed="22" covered="0"/><counter type="LINE" missed="4" covered="0"/><counter type="COMPLEXITY" missed="1" covered="0"/><counter type="METHOD" missed="1" covered="0"/></method><counter type="INSTRUCTION" missed="22" covered="0"/><counter type="LINE" missed="4" covered="0"/><counter type="COMPLEXITY" missed="1" covered="0"/><counter type="METHOD" missed="1" covered="0"/><counter type="CLASS" missed="1" covered="0"/></class><sourcefile name="InterviewReadyStudentServiceImpl.java"><line nr="17" mi="2" ci="0" mb="0" cb="0"/><line nr="18" mi="3" ci="0" mb="0" cb="0"/><line nr="19" mi="3" ci="0" mb="0" cb="0"/><line nr="20" mi="1" ci="0" mb="0" cb="0"/><line nr="24" mi="4" ci="0" mb="0" cb="0"/><line nr="25" mi="4" ci="0" mb="2" cb="0"/><line nr="26" mi="2" ci="0" mb="0" cb="0"/><line nr="29" mi="5" ci="0" mb="0" cb="0"/><line nr="30" mi="7" ci="0" mb="0" cb="0"/><line nr="31" mi="3" ci="0" mb="0" cb="0"/><line nr="32" mi="20" ci="0" mb="0" cb="0"/><line nr="33" mi="5" ci="0" mb="0" cb="0"/><line nr="34" mi="5" ci="0" mb="0" cb="0"/><line nr="35" mi="1" ci="0" mb="0" cb="0"/><line nr="36" mi="3" ci="0" mb="0" cb="0"/><line nr="38" mi="3" ci="0" mb="0" cb="0"/><line nr="39" mi="2" ci="0" mb="0" cb="0"/><line nr="43" mi="4" ci="0" mb="0" cb="0"/><line nr="45" mi="2" ci="0" mb="0" cb="0"/><line nr="47" mi="1" ci="0" mb="0" cb="0"/><counter type="INSTRUCTION" missed="80" covered="0"/><counter type="BRANCH" missed="2" covered="0"/><counter type="LINE" missed="20" covered="0"/><counter type="COMPLEXITY" missed="7" covered="0"/><counter type="METHOD" missed="6" covered="0"/><counter type="CLASS" missed="2" covered="0"/></sourcefile><sourcefile name="InterviewReadyStudentService.java"/><counter type="INSTRUCTION" missed="80" covered="0"/><counter type="BRANCH" missed="2" covered="0"/><counter type="LINE" missed="20" covered="0"/><counter type="COMPLEXITY" missed="7" covered="0"/><counter type="METHOD" missed="6" covered="0"/><counter type="CLASS" missed="2" covered="0"/></package><counter type="INSTRUCTION" missed="641" covered="0"/><counter type="BRANCH" missed="54" covered="0"/><counter type="LINE" missed="107" covered="0"/><counter type="COMPLEXITY" missed="71" covered="0"/><counter type="METHOD" missed="44" covered="0"/><counter type="CLASS" missed="13" covered="0"/></report>